<?xml version="1.0" encoding="UTF-8"?>
<testsuite xmlns:xsi="http://www.w3.org/2001/XMLSchema-instance" xsi:noNamespaceSchemaLocation="https://maven.apache.org/surefire/maven-surefire-plugin/xsd/surefire-test-report.xsd" name="day06.GoogleWeatherParameterizedTest" time="67.349" tests="8" errors="0" skipped="0" failures="0">
  <properties>
[...]
</properties>
  <testcase name="googleWeather[1: com.google.weather.WeatherTest(Morocco)={1}]" classname="day06.GoogleWeatherParameterizedTest" time="67.032"/>
  <testcase name="googleWeather[0: com.google.weather.WeatherTest(Miami)={1}]" classname="day06.GoogleWeatherParameterizedTest" time="67.345"/>
  <testcase name="googleWeather[5: com.google.weather.WeatherTest(Istanbul)={1}]" classname="day06.GoogleWeatherParameterizedTest" time="63.708"/>
  <testcase name="googleWeather[4: com.google.weather.WeatherTest(Rome)={1}]" classname="day06.GoogleWeatherParameterizedTest" time="64.841"/>
  <testcase name="googleWeather[3: com.google.weather.WeatherTest(Berlin)={1}]" classname="day06.GoogleWeatherParameterizedTest" time="66.077"/>
  <testcase name="googleWeather[2: com.google.weather.WeatherTest(Greece)={1}]" classname="day06.GoogleWeatherParameterizedTest" time="66.668"/>
  <testcase name="googleWeather[6: com.google.weather.WeatherTest(Bursa)={1}]" classname="day06.GoogleWeatherParameterizedTest" time="64.799"/>
  <testcase name="googleWeather[7: com.google.weather.WeatherTest(Göbeklitepe)={1}]" classname="day06.GoogleWeatherParameterizedTest" time="64.671"/>
</testsuite>